app/build/outputs/logs/manifest-merger-debug-report.txt
-- Merging decision tree log ---
manifest
ADDED from src/main/AndroidManifest.xml:2:1-49:12
	package
		ADDED from src/main/AndroidManifest.xml:3:5-38
		INJECTED from src/main/AndroidManifest.xml
		INJECTED from src/main/AndroidManifest.xml
	android:versionName
		INJECTED from src/main/AndroidManifest.xml
		INJECTED from src/main/AndroidManifest.xml
	xmlns:android
		ADDED from src/main/AndroidManifest.xml:2:11-69
	android:versionCode
		INJECTED from src/main/AndroidManifest.xml
		INJECTED from src/main/AndroidManifest.xml
uses-permission#android.permission.READ_EXTERNAL_STORAGE
ADDED from src/main/AndroidManifest.xml:6:5-80
	android:name
		ADDED from src/main/AndroidManifest.xml:6:22-77
uses-permission#android.permission.WRITE_EXTERNAL_STORAGE
ADDED from src/main/AndroidManifest.xml:9:5-81
	android:name
		ADDED from src/main/AndroidManifest.xml:9:22-78
uses-permission#android.permission.INTERNET
ADDED from src/main/AndroidManifest.xml:12:5-67
	android:name
		ADDED from src/main/AndroidManifest.xml:12:22-64
permission#com.mantz_it.rfanalyzer.permission.READ_BOOKMARKS
ADDED from src/main/AndroidManifest.xml:15:5-16:79
	android:label
		ADDED from src/main/AndroidManifest.xml:16:17-76
	android:name
		ADDED from src/main/AndroidManifest.xml:15:17-81
permission#com.mantz_it.rfanalyzer.permission.WRITE_BOOKMARKS
ADDED from src/main/AndroidManifest.xml:17:5-18:80
	android:label
		ADDED from src/main/AndroidManifest.xml:18:17-77
	android:name
		ADDED from src/main/AndroidManifest.xml:17:17-82
application
ADDED from src/main/AndroidManifest.xml:20:5-47:19
MERGED from [com.android.support:appcompat-v7:23.3.0] AndroidManifest.xml:25:5-20
MERGED from [com.android.support:support-vector-drawable:23.3.0] AndroidManifest.xml:7:5-20
MERGED from [com.android.support:support-v4:23.3.0] AndroidManifest.xml:22:5-20
MERGED from [com.android.support:animated-vector-drawable:23.3.0] AndroidManifest.xml:7:5-20
	android:label
		ADDED from src/main/AndroidManifest.xml:23:9-41
	android:allowBackup
		ADDED from src/main/AndroidManifest.xml:21:9-35
	android:icon
		ADDED from src/main/AndroidManifest.xml:22:9-45
	android:theme
		ADDED from src/main/AndroidManifest.xml:24:9-40
activity#com.mantz_it.rfanalyzer.MainActivity
ADDED from src/main/AndroidManifest.xml:25:9-34:20
	android:label
		ADDED from src/main/AndroidManifest.xml:27:13-45
	android:launchMode
		ADDED from src/main/AndroidManifest.xml:28:13-43
	android:name
		ADDED from src/main/AndroidManifest.xml:26:13-41
intent-filter#android.intent.action.MAIN+android.intent.category.LAUNCHER
ADDED from src/main/AndroidManifest.xml:29:13-33:29
action#android.intent.action.MAIN
ADDED from src/main/AndroidManifest.xml:30:17-69
	android:name
		ADDED from src/main/AndroidManifest.xml:30:25-66
category#android.intent.category.LAUNCHER
ADDED from src/main/AndroidManifest.xml:32:17-77
	android:name
		ADDED from src/main/AndroidManifest.xml:32:27-74
activity#com.mantz_it.rfanalyzer.SettingsActivity
ADDED from src/main/AndroidManifest.xml:36:9-39:20
	android:parentActivityName
		ADDED from src/main/AndroidManifest.xml:38:13-55
	android:name
		ADDED from src/main/AndroidManifest.xml:37:13-45
provider#com.mantz_it.rfanalyzer.BookmarksProvider
ADDED from src/main/AndroidManifest.xml:41:9-46:20
	android:readPermission
		ADDED from src/main/AndroidManifest.xml:44:13-87
	android:authorities
		ADDED from src/main/AndroidManifest.xml:43:13-67
	android:name
		ADDED from src/main/AndroidManifest.xml:42:13-46
	android:writePermission
		ADDED from src/main/AndroidManifest.xml:45:13-89
uses-sdk
INJECTED from src/main/AndroidManifest.xml reason: use-sdk injection requested
MERGED from [RFAnalyzer:hackrf_android:unspecified] AndroidManifest.xml:7:5-9:41
MERGED from [com.android.support:appcompat-v7:23.3.0] AndroidManifest.xml:21:5-23:78
MERGED from [com.android.support:support-vector-drawable:23.3.0] AndroidManifest.xml:5:5-43
MERGED from [com.android.support:support-v4:23.3.0] AndroidManifest.xml:20:5-43
MERGED from [com.android.support:animated-vector-drawable:23.3.0] AndroidManifest.xml:5:5-44
	tools:overrideLibrary
		ADDED from [com.android.support:appcompat-v7:23.3.0] AndroidManifest.xml:23:9-75
	android:targetSdkVersion
		INJECTED from src/main/AndroidManifest.xml
		INJECTED from src/main/AndroidManifest.xml
	android:minSdkVersion
		INJECTED from src/main/AndroidManifest.xml
		INJECTED from src/main/AndroidManifest.xml
uses-feature#android.hardware.usb.host
ADDED from [RFAnalyzer:hackrf_android:unspecified] AndroidManifest.xml:11:5-62
	android:name
		ADDED from [RFAnalyzer:hackrf_android:unspecified] AndroidManifest.xml:11:19-59